{
  "stats": {
    "suites": 1,
    "tests": 4,
    "passes": 4,
    "pending": 0,
    "failures": 0,
    "start": "2025-04-05T03:13:06.451Z",
    "end": "2025-04-05T03:13:06.457Z",
    "duration": 6,
    "testsRegistered": 4,
    "passPercent": 100,
    "pendingPercent": 0,
    "other": 0,
    "hasOther": false,
    "skipped": 0,
    "hasSkipped": false
  },
  "results": [
    {
      "uuid": "c99c24e2-1c8f-42b1-9b66-ef46903209c5",
      "title": "",
      "fullFile": "Z:\\TDD_GAME_CALIDAD\\UnitTesting\\test\\puntaje.test.js",
      "file": "\\test\\puntaje.test.js",
      "beforeHooks": [],
      "afterHooks": [],
      "tests": [],
      "suites": [
        {
          "uuid": "e63f157e-2c03-4a3d-a6a8-fb38752494cf",
          "title": "Puntaje",
          "fullFile": "Z:\\TDD_GAME_CALIDAD\\UnitTesting\\test\\puntaje.test.js",
          "file": "\\test\\puntaje.test.js",
          "beforeHooks": [],
          "afterHooks": [],
          "tests": [
            {
              "title": "debería inicializarse con valores por defecto correctos",
              "fullTitle": "Puntaje debería inicializarse con valores por defecto correctos",
              "timedOut": false,
              "duration": 0,
              "state": "passed",
              "speed": "fast",
              "pass": true,
              "fail": false,
              "pending": false,
              "context": null,
              "code": "const puntaje = new Puntaje();\nexpect(puntaje.getPuntajePruebas()).to.equal(0);\nexpect(puntaje.getPuntajeLineasCodigo()).to.equal(100);\nexpect(puntaje.getPuntajeCobertura()).to.equal(0);",
              "err": {},
              "uuid": "1f84c49b-391e-4d08-8e4b-ef39a362a15e",
              "parentUUID": "e63f157e-2c03-4a3d-a6a8-fb38752494cf",
              "isHook": false,
              "skipped": false
            },
            {
              "title": "debería poder establecer y obtener el puntaje de pruebas",
              "fullTitle": "Puntaje debería poder establecer y obtener el puntaje de pruebas",
              "timedOut": false,
              "duration": 0,
              "state": "passed",
              "speed": "fast",
              "pass": true,
              "fail": false,
              "pending": false,
              "context": null,
              "code": "const puntaje = new Puntaje();\npuntaje.setPuntajePruebas(50);\nexpect(puntaje.getPuntajePruebas()).to.equal(50);",
              "err": {},
              "uuid": "5492dbff-7780-45e1-9334-f80ea06052b6",
              "parentUUID": "e63f157e-2c03-4a3d-a6a8-fb38752494cf",
              "isHook": false,
              "skipped": false
            },
            {
              "title": "debería poder establecer y obtener el puntaje de líneas de código",
              "fullTitle": "Puntaje debería poder establecer y obtener el puntaje de líneas de código",
              "timedOut": false,
              "duration": 0,
              "state": "passed",
              "speed": "fast",
              "pass": true,
              "fail": false,
              "pending": false,
              "context": null,
              "code": "const puntaje = new Puntaje();\npuntaje.setPuntajeLineasCodigo(200);\nexpect(puntaje.getPuntajeLineasCodigo()).to.equal(200);",
              "err": {},
              "uuid": "fb29f6f3-be0f-49d7-98fa-6d98e1922f3d",
              "parentUUID": "e63f157e-2c03-4a3d-a6a8-fb38752494cf",
              "isHook": false,
              "skipped": false
            },
            {
              "title": "debería poder establecer y obtener el porcentaje de cobertura",
              "fullTitle": "Puntaje debería poder establecer y obtener el porcentaje de cobertura",
              "timedOut": false,
              "duration": 0,
              "state": "passed",
              "speed": "fast",
              "pass": true,
              "fail": false,
              "pending": false,
              "context": null,
              "code": "const puntaje = new Puntaje();\npuntaje.setPorcentajeCobertura(75);\nexpect(puntaje.getPuntajeCobertura()).to.equal(75);",
              "err": {},
              "uuid": "3c9a3a4d-c4a4-4b03-833a-477d70e79286",
              "parentUUID": "e63f157e-2c03-4a3d-a6a8-fb38752494cf",
              "isHook": false,
              "skipped": false
            }
          ],
          "suites": [],
          "passes": [
            "1f84c49b-391e-4d08-8e4b-ef39a362a15e",
            "5492dbff-7780-45e1-9334-f80ea06052b6",
            "fb29f6f3-be0f-49d7-98fa-6d98e1922f3d",
            "3c9a3a4d-c4a4-4b03-833a-477d70e79286"
          ],
          "failures": [],
          "pending": [],
          "skipped": [],
          "duration": 0,
          "root": false,
          "rootEmpty": false,
          "_timeout": 2000
        }
      ],
      "passes": [],
      "failures": [],
      "pending": [],
      "skipped": [],
      "duration": 0,
      "root": true,
      "rootEmpty": true,
      "_timeout": 2000
    }
  ],
  "meta": {
    "mocha": {
      "version": "11.1.0"
    },
    "mochawesome": {
      "options": {
        "quiet": false,
        "reportFilename": "mochawesome",
        "saveHtml": true,
        "saveJson": true,
        "consoleReporter": "spec",
        "useInlineDiffs": false,
        "code": true
      },
      "version": "7.1.3"
    },
    "marge": {
      "options": null,
      "version": "6.2.0"
    }
  }
}